This is pdfTeX, Version 3.14159265-2.6-1.40.18 (TeX Live 2017/Debian) (preloaded format=pdflatex 2019.4.13)  25 JUN 2019 23:45
entering extended mode
 restricted \write18 enabled.
 %&-line parsing enabled.
**weiiszablon.tex
(./weiiszablon.tex
LaTeX2e <2017-04-15>
Babel <3.18> and hyphenation patterns for 4 language(s) loaded.
(/usr/share/texlive/texmf-dist/tex/latex/base/article.cls
Document Class: article 2014/09/29 v1.4h Standard LaTeX document class
(/usr/share/texlive/texmf-dist/tex/latex/base/size12.clo
File: size12.clo 2014/09/29 v1.4h Standard LaTeX file (size option)
)
\c@part=\count79
\c@section=\count80
\c@subsection=\count81
\c@subsubsection=\count82
\c@paragraph=\count83
\c@subparagraph=\count84
\c@figure=\count85
\c@table=\count86
\abovecaptionskip=\skip41
\belowcaptionskip=\skip42
\bibindent=\dimen102
) (./weiiszablon.sty
Package: weiiszablon 2015/07/01 package <weiiszablon>

(/usr/share/texlive/texmf-dist/tex/generic/babel/babel.sty
Package: babel 2018/02/14 3.18 The Babel package

(/usr/share/texlive/texmf-dist/tex/generic/babel/switch.def
File: switch.def 2018/02/14 3.18 Babel switching mechanism
)
(/usr/share/texlive/texmf-dist/tex/generic/babel-polish/polish.ldf
Language: polish 2005/03/31 v1.2l Polish support from the babel system

(/usr/share/texlive/texmf-dist/tex/generic/babel/babel.def
File: babel.def 2018/02/14 3.18 Babel common definitions
\babel@savecnt=\count87
\U@D=\dimen103

(/usr/share/texlive/texmf-dist/tex/generic/babel/txtbabel.def)
\bbl@dirlevel=\count88
)
Package babel Info: Making " an active character on input line 83.
\pl@left=\dimen104
\pl@down=\dimen105
\pl@right=\dimen106
\pl@temp=\dimen107
))
(/usr/share/texlive/texmf-dist/tex/latex/base/inputenc.sty
Package: inputenc 2015/03/17 v1.2c Input encoding file
\inpenc@prehook=\toks14
\inpenc@posthook=\toks15

(/usr/share/texlive/texmf-dist/tex/latex/base/utf8.def
File: utf8.def 2017/01/28 v1.1t UTF-8 support for inputenc
Now handling font encoding OML ...
... no UTF-8 mapping file for font encoding OML
Now handling font encoding T1 ...
... processing UTF-8 mapping file for font encoding T1

(/usr/share/texlive/texmf-dist/tex/latex/base/t1enc.dfu
File: t1enc.dfu 2017/01/28 v1.1t UTF-8 support for inputenc
   defining Unicode char U+00A0 (decimal 160)
   defining Unicode char U+00A1 (decimal 161)
   defining Unicode char U+00A3 (decimal 163)
   defining Unicode char U+00AB (decimal 171)
   defining Unicode char U+00AD (decimal 173)
   defining Unicode char U+00BB (decimal 187)
   defining Unicode char U+00BF (decimal 191)
   defining Unicode char U+00C0 (decimal 192)
   defining Unicode char U+00C1 (decimal 193)
   defining Unicode char U+00C2 (decimal 194)
   defining Unicode char U+00C3 (decimal 195)
   defining Unicode char U+00C4 (decimal 196)
   defining Unicode char U+00C5 (decimal 197)
   defining Unicode char U+00C6 (decimal 198)
   defining Unicode char U+00C7 (decimal 199)
   defining Unicode char U+00C8 (decimal 200)
   defining Unicode char U+00C9 (decimal 201)
   defining Unicode char U+00CA (decimal 202)
   defining Unicode char U+00CB (decimal 203)
   defining Unicode char U+00CC (decimal 204)
   defining Unicode char U+00CD (decimal 205)
   defining Unicode char U+00CE (decimal 206)
   defining Unicode char U+00CF (decimal 207)
   defining Unicode char U+00D0 (decimal 208)
   defining Unicode char U+00D1 (decimal 209)
   defining Unicode char U+00D2 (decimal 210)
   defining Unicode char U+00D3 (decimal 211)
   defining Unicode char U+00D4 (decimal 212)
   defining Unicode char U+00D5 (decimal 213)
   defining Unicode char U+00D6 (decimal 214)
   defining Unicode char U+00D8 (decimal 216)
   defining Unicode char U+00D9 (decimal 217)
   defining Unicode char U+00DA (decimal 218)
   defining Unicode char U+00DB (decimal 219)
   defining Unicode char U+00DC (decimal 220)
   defining Unicode char U+00DD (decimal 221)
   defining Unicode char U+00DE (decimal 222)
   defining Unicode char U+00DF (decimal 223)
   defining Unicode char U+00E0 (decimal 224)
   defining Unicode char U+00E1 (decimal 225)
   defining Unicode char U+00E2 (decimal 226)
   defining Unicode char U+00E3 (decimal 227)
   defining Unicode char U+00E4 (decimal 228)
   defining Unicode char U+00E5 (decimal 229)
   defining Unicode char U+00E6 (decimal 230)
   defining Unicode char U+00E7 (decimal 231)
   defining Unicode char U+00E8 (decimal 232)
   defining Unicode char U+00E9 (decimal 233)
   defining Unicode char U+00EA (decimal 234)
   defining Unicode char U+00EB (decimal 235)
   defining Unicode char U+00EC (decimal 236)
   defining Unicode char U+00ED (decimal 237)
   defining Unicode char U+00EE (decimal 238)
   defining Unicode char U+00EF (decimal 239)
   defining Unicode char U+00F0 (decimal 240)
   defining Unicode char U+00F1 (decimal 241)
   defining Unicode char U+00F2 (decimal 242)
   defining Unicode char U+00F3 (decimal 243)
   defining Unicode char U+00F4 (decimal 244)
   defining Unicode char U+00F5 (decimal 245)
   defining Unicode char U+00F6 (decimal 246)
   defining Unicode char U+00F8 (decimal 248)
   defining Unicode char U+00F9 (decimal 249)
   defining Unicode char U+00FA (decimal 250)
   defining Unicode char U+00FB (decimal 251)
   defining Unicode char U+00FC (decimal 252)
   defining Unicode char U+00FD (decimal 253)
   defining Unicode char U+00FE (decimal 254)
   defining Unicode char U+00FF (decimal 255)
   defining Unicode char U+0100 (decimal 256)
   defining Unicode char U+0101 (decimal 257)
   defining Unicode char U+0102 (decimal 258)
   defining Unicode char U+0103 (decimal 259)
   defining Unicode char U+0104 (decimal 260)
   defining Unicode char U+0105 (decimal 261)
   defining Unicode char U+0106 (decimal 262)
   defining Unicode char U+0107 (decimal 263)
   defining Unicode char U+0108 (decimal 264)
   defining Unicode char U+0109 (decimal 265)
   defining Unicode char U+010A (decimal 266)
   defining Unicode char U+010B (decimal 267)
   defining Unicode char U+010C (decimal 268)
   defining Unicode char U+010D (decimal 269)
   defining Unicode char U+010E (decimal 270)
   defining Unicode char U+010F (decimal 271)
   defining Unicode char U+0110 (decimal 272)
   defining Unicode char U+0111 (decimal 273)
   defining Unicode char U+0112 (decimal 274)
   defining Unicode char U+0113 (decimal 275)
   defining Unicode char U+0114 (decimal 276)
   defining Unicode char U+0115 (decimal 277)
   defining Unicode char U+0116 (decimal 278)
   defining Unicode char U+0117 (decimal 279)
   defining Unicode char U+0118 (decimal 280)
   defining Unicode char U+0119 (decimal 281)
   defining Unicode char U+011A (decimal 282)
   defining Unicode char U+011B (decimal 283)
   defining Unicode char U+011C (decimal 284)
   defining Unicode char U+011D (decimal 285)
   defining Unicode char U+011E (decimal 286)
   defining Unicode char U+011F (decimal 287)
   defining Unicode char U+0120 (decimal 288)
   defining Unicode char U+0121 (decimal 289)
   defining Unicode char U+0122 (decimal 290)
   defining Unicode char U+0123 (decimal 291)
   defining Unicode char U+0124 (decimal 292)
   defining Unicode char U+0125 (decimal 293)
   defining Unicode char U+0128 (decimal 296)
   defining Unicode char U+0129 (decimal 297)
   defining Unicode char U+012A (decimal 298)
   defining Unicode char U+012B (decimal 299)
   defining Unicode char U+012C (decimal 300)
   defining Unicode char U+012D (decimal 301)
   defining Unicode char U+012E (decimal 302)
   defining Unicode char U+012F (decimal 303)
   defining Unicode char U+0130 (decimal 304)
   defining Unicode char U+0131 (decimal 305)
   defining Unicode char U+0132 (decimal 306)
   defining Unicode char U+0133 (decimal 307)
   defining Unicode char U+0134 (decimal 308)
   defining Unicode char U+0135 (decimal 309)
   defining Unicode char U+0136 (decimal 310)
   defining Unicode char U+0137 (decimal 311)
   defining Unicode char U+0139 (decimal 313)
   defining Unicode char U+013A (decimal 314)
   defining Unicode char U+013B (decimal 315)
   defining Unicode char U+013C (decimal 316)
   defining Unicode char U+013D (decimal 317)
   defining Unicode char U+013E (decimal 318)
   defining Unicode char U+0141 (decimal 321)
   defining Unicode char U+0142 (decimal 322)
   defining Unicode char U+0143 (decimal 323)
   defining Unicode char U+0144 (decimal 324)
   defining Unicode char U+0145 (decimal 325)
   defining Unicode char U+0146 (decimal 326)
   defining Unicode char U+0147 (decimal 327)
   defining Unicode char U+0148 (decimal 328)
   defining Unicode char U+014A (decimal 330)
   defining Unicode char U+014B (decimal 331)
   defining Unicode char U+014C (decimal 332)
   defining Unicode char U+014D (decimal 333)
   defining Unicode char U+014E (decimal 334)
   defining Unicode char U+014F (decimal 335)
   defining Unicode char U+0150 (decimal 336)
   defining Unicode char U+0151 (decimal 337)
   defining Unicode char U+0152 (decimal 338)
   defining Unicode char U+0153 (decimal 339)
   defining Unicode char U+0154 (decimal 340)
   defining Unicode char U+0155 (decimal 341)
   defining Unicode char U+0156 (decimal 342)
   defining Unicode char U+0157 (decimal 343)
   defining Unicode char U+0158 (decimal 344)
   defining Unicode char U+0159 (decimal 345)
   defining Unicode char U+015A (decimal 346)
   defining Unicode char U+015B (decimal 347)
   defining Unicode char U+015C (decimal 348)
   defining Unicode char U+015D (decimal 349)
   defining Unicode char U+015E (decimal 350)
   defining Unicode char U+015F (decimal 351)
   defining Unicode char U+0160 (decimal 352)
   defining Unicode char U+0161 (decimal 353)
   defining Unicode char U+0162 (decimal 354)
   defining Unicode char U+0163 (decimal 355)
   defining Unicode char U+0164 (decimal 356)
   defining Unicode char U+0165 (decimal 357)
   defining Unicode char U+0168 (decimal 360)
   defining Unicode char U+0169 (decimal 361)
   defining Unicode char U+016A (decimal 362)
   defining Unicode char U+016B (decimal 363)
   defining Unicode char U+016C (decimal 364)
   defining Unicode char U+016D (decimal 365)
   defining Unicode char U+016E (decimal 366)
   defining Unicode char U+016F (decimal 367)
   defining Unicode char U+0170 (decimal 368)
   defining Unicode char U+0171 (decimal 369)
   defining Unicode char U+0172 (decimal 370)
   defining Unicode char U+0173 (decimal 371)
   defining Unicode char U+0174 (decimal 372)
   defining Unicode char U+0175 (decimal 373)
   defining Unicode char U+0176 (decimal 374)
   defining Unicode char U+0177 (decimal 375)
   defining Unicode char U+0178 (decimal 376)
   defining Unicode char U+0179 (decimal 377)
   defining Unicode char U+017A (decimal 378)
   defining Unicode char U+017B (decimal 379)
   defining Unicode char U+017C (decimal 380)
   defining Unicode char U+017D (decimal 381)
   defining Unicode char U+017E (decimal 382)
   defining Unicode char U+01CD (decimal 461)
   defining Unicode char U+01CE (decimal 462)
   defining Unicode char U+01CF (decimal 463)
   defining Unicode char U+01D0 (decimal 464)
   defining Unicode char U+01D1 (decimal 465)
   defining Unicode char U+01D2 (decimal 466)
   defining Unicode char U+01D3 (decimal 467)
   defining Unicode char U+01D4 (decimal 468)
   defining Unicode char U+01E2 (decimal 482)
   defining Unicode char U+01E3 (decimal 483)
   defining Unicode char U+01E6 (decimal 486)
   defining Unicode char U+01E7 (decimal 487)
   defining Unicode char U+01E8 (decimal 488)
   defining Unicode char U+01E9 (decimal 489)
   defining Unicode char U+01EA (decimal 490)
   defining Unicode char U+01EB (decimal 491)
   defining Unicode char U+01F0 (decimal 496)
   defining Unicode char U+01F4 (decimal 500)
   defining Unicode char U+01F5 (decimal 501)
   defining Unicode char U+0218 (decimal 536)
   defining Unicode char U+0219 (decimal 537)
   defining Unicode char U+021A (decimal 538)
   defining Unicode char U+021B (decimal 539)
   defining Unicode char U+0232 (decimal 562)
   defining Unicode char U+0233 (decimal 563)
   defining Unicode char U+1E02 (decimal 7682)
   defining Unicode char U+1E03 (decimal 7683)
   defining Unicode char U+200C (decimal 8204)
   defining Unicode char U+2010 (decimal 8208)
   defining Unicode char U+2011 (decimal 8209)
   defining Unicode char U+2012 (decimal 8210)
   defining Unicode char U+2013 (decimal 8211)
   defining Unicode char U+2014 (decimal 8212)
   defining Unicode char U+2015 (decimal 8213)
   defining Unicode char U+2018 (decimal 8216)
   defining Unicode char U+2019 (decimal 8217)
   defining Unicode char U+201A (decimal 8218)
   defining Unicode char U+201C (decimal 8220)
   defining Unicode char U+201D (decimal 8221)
   defining Unicode char U+201E (decimal 8222)
   defining Unicode char U+2030 (decimal 8240)
   defining Unicode char U+2031 (decimal 8241)
   defining Unicode char U+2039 (decimal 8249)
   defining Unicode char U+203A (decimal 8250)
   defining Unicode char U+2423 (decimal 9251)
   defining Unicode char U+1E20 (decimal 7712)
   defining Unicode char U+1E21 (decimal 7713)
)
Now handling font encoding OT1 ...
... processing UTF-8 mapping file for font encoding OT1

(/usr/share/texlive/texmf-dist/tex/latex/base/ot1enc.dfu
File: ot1enc.dfu 2017/01/28 v1.1t UTF-8 support for inputenc
   defining Unicode char U+00A0 (decimal 160)
   defining Unicode char U+00A1 (decimal 161)
   defining Unicode char U+00A3 (decimal 163)
   defining Unicode char U+00AD (decimal 173)
   defining Unicode char U+00B8 (decimal 184)
   defining Unicode char U+00BF (decimal 191)
   defining Unicode char U+00C5 (decimal 197)
   defining Unicode char U+00C6 (decimal 198)
   defining Unicode char U+00D8 (decimal 216)
   defining Unicode char U+00DF (decimal 223)
   defining Unicode char U+00E6 (decimal 230)
   defining Unicode char U+00EC (decimal 236)
   defining Unicode char U+00ED (decimal 237)
   defining Unicode char U+00EE (decimal 238)
   defining Unicode char U+00EF (decimal 239)
   defining Unicode char U+00F8 (decimal 248)
   defining Unicode char U+0131 (decimal 305)
   defining Unicode char U+0141 (decimal 321)
   defining Unicode char U+0142 (decimal 322)
   defining Unicode char U+0152 (decimal 338)
   defining Unicode char U+0153 (decimal 339)
   defining Unicode char U+0174 (decimal 372)
   defining Unicode char U+0175 (decimal 373)
   defining Unicode char U+0176 (decimal 374)
   defining Unicode char U+0177 (decimal 375)
   defining Unicode char U+0218 (decimal 536)
   defining Unicode char U+0219 (decimal 537)
   defining Unicode char U+021A (decimal 538)
   defining Unicode char U+021B (decimal 539)
   defining Unicode char U+2013 (decimal 8211)
   defining Unicode char U+2014 (decimal 8212)
   defining Unicode char U+2018 (decimal 8216)
   defining Unicode char U+2019 (decimal 8217)
   defining Unicode char U+201C (decimal 8220)
   defining Unicode char U+201D (decimal 8221)
)
Now handling font encoding OMS ...
... processing UTF-8 mapping file for font encoding OMS

(/usr/share/texlive/texmf-dist/tex/latex/base/omsenc.dfu
File: omsenc.dfu 2017/01/28 v1.1t UTF-8 support for inputenc
   defining Unicode char U+00A7 (decimal 167)
   defining Unicode char U+00B6 (decimal 182)
   defining Unicode char U+00B7 (decimal 183)
   defining Unicode char U+2020 (decimal 8224)
   defining Unicode char U+2021 (decimal 8225)
   defining Unicode char U+2022 (decimal 8226)
)
Now handling font encoding OMX ...
... no UTF-8 mapping file for font encoding OMX
Now handling font encoding U ...
... no UTF-8 mapping file for font encoding U
   defining Unicode char U+00A9 (decimal 169)
   defining Unicode char U+00AA (decimal 170)
   defining Unicode char U+00AE (decimal 174)
   defining Unicode char U+00BA (decimal 186)
   defining Unicode char U+02C6 (decimal 710)
   defining Unicode char U+02DC (decimal 732)
   defining Unicode char U+200C (decimal 8204)
   defining Unicode char U+2026 (decimal 8230)
   defining Unicode char U+2122 (decimal 8482)
   defining Unicode char U+2423 (decimal 9251)
))
(/usr/share/texlive/texmf-dist/tex/latex/base/fontenc.sty
Package: fontenc 2017/04/05 v2.0i Standard LaTeX package

(/usr/share/texlive/texmf-dist/tex/latex/base/t1enc.def
File: t1enc.def 2017/04/05 v2.0i Standard LaTeX file
LaTeX Font Info:    Redeclaring font encoding T1 on input line 48.
))
(/usr/share/texlive/texmf-dist/tex/latex/psnfss/courier.sty
Package: courier 2005/04/12 PSNFSS-v9.2a (WaS) 
)
(/usr/share/texlive/texmf-dist/tex/latex/psnfss/mathptmx.sty
Package: mathptmx 2005/04/12 PSNFSS-v9.2a Times w/ Math, improved (SPQR, WaS) 
LaTeX Font Info:    Redeclaring symbol font `operators' on input line 28.
LaTeX Font Info:    Overwriting symbol font `operators' in version `normal'
(Font)                  OT1/cmr/m/n --> OT1/ztmcm/m/n on input line 28.
LaTeX Font Info:    Overwriting symbol font `operators' in version `bold'
(Font)                  OT1/cmr/bx/n --> OT1/ztmcm/m/n on input line 28.
LaTeX Font Info:    Redeclaring symbol font `letters' on input line 29.
LaTeX Font Info:    Overwriting symbol font `letters' in version `normal'
(Font)                  OML/cmm/m/it --> OML/ztmcm/m/it on input line 29.
LaTeX Font Info:    Overwriting symbol font `letters' in version `bold'
(Font)                  OML/cmm/b/it --> OML/ztmcm/m/it on input line 29.
LaTeX Font Info:    Redeclaring symbol font `symbols' on input line 30.
LaTeX Font Info:    Overwriting symbol font `symbols' in version `normal'
(Font)                  OMS/cmsy/m/n --> OMS/ztmcm/m/n on input line 30.
LaTeX Font Info:    Overwriting symbol font `symbols' in version `bold'
(Font)                  OMS/cmsy/b/n --> OMS/ztmcm/m/n on input line 30.
LaTeX Font Info:    Redeclaring symbol font `largesymbols' on input line 31.
LaTeX Font Info:    Overwriting symbol font `largesymbols' in version `normal'
(Font)                  OMX/cmex/m/n --> OMX/ztmcm/m/n on input line 31.
LaTeX Font Info:    Overwriting symbol font `largesymbols' in version `bold'
(Font)                  OMX/cmex/m/n --> OMX/ztmcm/m/n on input line 31.
\symbold=\mathgroup4
\symitalic=\mathgroup5
LaTeX Font Info:    Redeclaring math alphabet \mathbf on input line 34.
LaTeX Font Info:    Overwriting math alphabet `\mathbf' in version `normal'
(Font)                  OT1/cmr/bx/n --> OT1/ptm/bx/n on input line 34.
LaTeX Font Info:    Overwriting math alphabet `\mathbf' in version `bold'
(Font)                  OT1/cmr/bx/n --> OT1/ptm/bx/n on input line 34.
LaTeX Font Info:    Redeclaring math alphabet \mathit on input line 35.
LaTeX Font Info:    Overwriting math alphabet `\mathit' in version `normal'
(Font)                  OT1/cmr/m/it --> OT1/ptm/m/it on input line 35.
LaTeX Font Info:    Overwriting math alphabet `\mathit' in version `bold'
(Font)                  OT1/cmr/bx/it --> OT1/ptm/m/it on input line 35.
LaTeX Info: Redefining \hbar on input line 50.
)
(/usr/share/texlive/texmf-dist/tex/latex/graphics/graphicx.sty
Package: graphicx 2017/06/01 v1.1a Enhanced LaTeX Graphics (DPC,SPQR)

(/usr/share/texlive/texmf-dist/tex/latex/graphics/keyval.sty
Package: keyval 2014/10/28 v1.15 key=value parser (DPC)
\KV@toks@=\toks16
)
(/usr/share/texlive/texmf-dist/tex/latex/graphics/graphics.sty
Package: graphics 2017/06/25 v1.2c Standard LaTeX Graphics (DPC,SPQR)

(/usr/share/texlive/texmf-dist/tex/latex/graphics/trig.sty
Package: trig 2016/01/03 v1.10 sin cos tan (DPC)
)
(/usr/share/texlive/texmf-dist/tex/latex/graphics-cfg/graphics.cfg
File: graphics.cfg 2016/06/04 v1.11 sample graphics configuration
)
Package graphics Info: Driver file: pdftex.def on input line 99.

(/usr/share/texlive/texmf-dist/tex/latex/graphics-def/pdftex.def
File: pdftex.def 2018/01/08 v1.0l Graphics/color driver for pdftex
))
\Gin@req@height=\dimen108
\Gin@req@width=\dimen109
)
(/usr/share/texlive/texmf-dist/tex/latex/enumitem/enumitem.sty
Package: enumitem 2011/09/28 v3.5.2 Customized lists
\labelindent=\skip43
\enit@outerparindent=\dimen110
\enit@toks=\toks17
\enit@inbox=\box26
\enitdp@description=\count89
)
(/usr/share/texlive/texmf-dist/tex/latex/tools/indentfirst.sty
Package: indentfirst 1995/11/23 v1.03 Indent first paragraph (DPC)
)
(/usr/share/texlive/texmf-dist/tex/latex/etoolbox/etoolbox.sty
Package: etoolbox 2018/02/11 v2.5e e-TeX tools for LaTeX (JAW)
\etb@tempcnta=\count90
)
(/usr/share/texlive/texmf-dist/tex/latex/amsmath/amsmath.sty
Package: amsmath 2017/09/02 v2.17a AMS math features
\@mathmargin=\skip44

For additional information on amsmath, use the `?' option.
(/usr/share/texlive/texmf-dist/tex/latex/amsmath/amstext.sty
Package: amstext 2000/06/29 v2.01 AMS text

(/usr/share/texlive/texmf-dist/tex/latex/amsmath/amsgen.sty
File: amsgen.sty 1999/11/30 v2.0 generic functions
\@emptytoks=\toks18
\ex@=\dimen111
))
(/usr/share/texlive/texmf-dist/tex/latex/amsmath/amsbsy.sty
Package: amsbsy 1999/11/29 v1.2d Bold Symbols
\pmbraise@=\dimen112
)
(/usr/share/texlive/texmf-dist/tex/latex/amsmath/amsopn.sty
Package: amsopn 2016/03/08 v2.02 operator names
)
\inf@bad=\count91
LaTeX Info: Redefining \frac on input line 213.
\uproot@=\count92
\leftroot@=\count93
LaTeX Info: Redefining \overline on input line 375.
\classnum@=\count94
\DOTSCASE@=\count95
LaTeX Info: Redefining \ldots on input line 472.
LaTeX Info: Redefining \dots on input line 475.
LaTeX Info: Redefining \cdots on input line 596.
\Mathstrutbox@=\box27
\strutbox@=\box28
\big@size=\dimen113
LaTeX Font Info:    Redeclaring font encoding OML on input line 712.
LaTeX Font Info:    Redeclaring font encoding OMS on input line 713.
\macc@depth=\count96
\c@MaxMatrixCols=\count97
\dotsspace@=\muskip10
\c@parentequation=\count98
\dspbrk@lvl=\count99
\tag@help=\toks19
\row@=\count100
\column@=\count101
\maxfields@=\count102
\andhelp@=\toks20
\eqnshift@=\dimen114
\alignsep@=\dimen115
\tagshift@=\dimen116
\tagwidth@=\dimen117
\totwidth@=\dimen118
\lineht@=\dimen119
\@envbody=\toks21
\multlinegap=\skip45
\multlinetaggap=\skip46
\mathdisplay@stack=\toks22
LaTeX Info: Redefining \[ on input line 2817.
LaTeX Info: Redefining \] on input line 2818.
)
(/usr/share/texlive/texmf-dist/tex/latex/graphics/color.sty
Package: color 2016/07/10 v1.1e Standard LaTeX Color (DPC)

(/usr/share/texlive/texmf-dist/tex/latex/graphics-cfg/color.cfg
File: color.cfg 2016/01/02 v1.6 sample color configuration
)
Package color Info: Driver file: pdftex.def on input line 147.
)
(/usr/share/texlive/texmf-dist/tex/latex/geometry/geometry.sty
Package: geometry 2010/09/12 v5.6 Page Geometry

(/usr/share/texlive/texmf-dist/tex/generic/oberdiek/ifpdf.sty
Package: ifpdf 2017/03/15 v3.2 Provides the ifpdf switch
)
(/usr/share/texlive/texmf-dist/tex/generic/oberdiek/ifvtex.sty
Package: ifvtex 2016/05/16 v1.6 Detect VTeX and its facilities (HO)
Package ifvtex Info: VTeX not detected.
)
(/usr/share/texlive/texmf-dist/tex/generic/ifxetex/ifxetex.sty
Package: ifxetex 2010/09/12 v0.6 Provides ifxetex conditional
)
\Gm@cnth=\count103
\Gm@cntv=\count104
\c@Gm@tempcnt=\count105
\Gm@bindingoffset=\dimen120
\Gm@wd@mp=\dimen121
\Gm@odd@mp=\dimen122
\Gm@even@mp=\dimen123
\Gm@layoutwidth=\dimen124
\Gm@layoutheight=\dimen125
\Gm@layouthoffset=\dimen126
\Gm@layoutvoffset=\dimen127
\Gm@dimlist=\toks23
)
(/usr/share/texlive/texmf-dist/tex/latex/tools/bm.sty
Package: bm 2017/01/16 v1.2c Bold Symbol Support (DPC/FMi)
LaTeX Info: Redefining \bm on input line 207.
)
(/usr/share/texlive/texmf-dist/tex/latex/tocloft/tocloft.sty
Package: tocloft 2017/08/31 v2.3i parameterised ToC, etc., typesetting
Package tocloft Info: The document has section divisions on input line 51.
\cftparskip=\skip47
\cftbeforetoctitleskip=\skip48
\cftaftertoctitleskip=\skip49
\cftbeforepartskip=\skip50
\cftpartnumwidth=\skip51
\cftpartindent=\skip52
\cftbeforesecskip=\skip53
\cftsecindent=\skip54
\cftsecnumwidth=\skip55
\cftbeforesubsecskip=\skip56
\cftsubsecindent=\skip57
\cftsubsecnumwidth=\skip58
\cftbeforesubsubsecskip=\skip59
\cftsubsubsecindent=\skip60
\cftsubsubsecnumwidth=\skip61
\cftbeforeparaskip=\skip62
\cftparaindent=\skip63
\cftparanumwidth=\skip64
\cftbeforesubparaskip=\skip65
\cftsubparaindent=\skip66
\cftsubparanumwidth=\skip67
\cftbeforeloftitleskip=\skip68
\cftafterloftitleskip=\skip69
\cftbeforefigskip=\skip70
\cftfigindent=\skip71
\cftfignumwidth=\skip72
\c@lofdepth=\count106
\c@lotdepth=\count107
\cftbeforelottitleskip=\skip73
\cftafterlottitleskip=\skip74
\cftbeforetabskip=\skip75
\cfttabindent=\skip76
\cfttabnumwidth=\skip77
)
\old@cftbeforesecskip=\skip78
\mylen=\skip79

(/usr/share/texlive/texmf-dist/tex/latex/titlesec/titlesec.sty
Package: titlesec 2016/03/21 v2.10.2 Sectioning titles
\ttl@box=\box29
\beforetitleunit=\skip80
\aftertitleunit=\skip81
\ttl@plus=\dimen128
\ttl@minus=\dimen129
\ttl@toksa=\toks24
\titlewidth=\dimen130
\titlewidthlast=\dimen131
\titlewidthfirst=\dimen132
)
(/usr/share/texmf/tex/latex/lm/lmodern.sty
Package: lmodern 2009/10/30 v1.6 Latin Modern Fonts
LaTeX Font Info:    Overwriting symbol font `operators' in version `normal'
(Font)                  OT1/ztmcm/m/n --> OT1/lmr/m/n on input line 22.
LaTeX Font Info:    Overwriting symbol font `letters' in version `normal'
(Font)                  OML/ztmcm/m/it --> OML/lmm/m/it on input line 23.
LaTeX Font Info:    Overwriting symbol font `symbols' in version `normal'
(Font)                  OMS/ztmcm/m/n --> OMS/lmsy/m/n on input line 24.
LaTeX Font Info:    Overwriting symbol font `largesymbols' in version `normal'
(Font)                  OMX/ztmcm/m/n --> OMX/lmex/m/n on input line 25.
LaTeX Font Info:    Overwriting symbol font `operators' in version `bold'
(Font)                  OT1/ztmcm/m/n --> OT1/lmr/bx/n on input line 26.
LaTeX Font Info:    Overwriting symbol font `letters' in version `bold'
(Font)                  OML/ztmcm/m/it --> OML/lmm/b/it on input line 27.
LaTeX Font Info:    Overwriting symbol font `symbols' in version `bold'
(Font)                  OMS/ztmcm/m/n --> OMS/lmsy/b/n on input line 28.
LaTeX Font Info:    Overwriting symbol font `largesymbols' in version `bold'
(Font)                  OMX/ztmcm/m/n --> OMX/lmex/m/n on input line 29.
LaTeX Font Info:    Overwriting math alphabet `\mathbf' in version `normal'
(Font)                  OT1/ptm/bx/n --> OT1/lmr/bx/n on input line 31.
LaTeX Font Info:    Overwriting math alphabet `\mathsf' in version `normal'
(Font)                  OT1/cmss/m/n --> OT1/lmss/m/n on input line 32.
LaTeX Font Info:    Overwriting math alphabet `\mathit' in version `normal'
(Font)                  OT1/ptm/m/it --> OT1/lmr/m/it on input line 33.
LaTeX Font Info:    Overwriting math alphabet `\mathtt' in version `normal'
(Font)                  OT1/cmtt/m/n --> OT1/lmtt/m/n on input line 34.
LaTeX Font Info:    Overwriting math alphabet `\mathbf' in version `bold'
(Font)                  OT1/ptm/bx/n --> OT1/lmr/bx/n on input line 35.
LaTeX Font Info:    Overwriting math alphabet `\mathsf' in version `bold'
(Font)                  OT1/cmss/bx/n --> OT1/lmss/bx/n on input line 36.
LaTeX Font Info:    Overwriting math alphabet `\mathit' in version `bold'
(Font)                  OT1/ptm/m/it --> OT1/lmr/bx/it on input line 37.
LaTeX Font Info:    Overwriting math alphabet `\mathtt' in version `bold'
(Font)                  OT1/cmtt/m/n --> OT1/lmtt/m/n on input line 38.
)
(/usr/share/texlive/texmf-dist/tex/latex/fancybox/fancybox.sty
Package: fancybox 2010/05/15 1.4

Style option: `fancybox' v1.4 <2010/05/15> (tvz)
\@fancybox=\box30
\shadowsize=\dimen133
\@Sbox=\box31
\do@VerbBox=\toks25
\the@fancyput=\toks26
\this@fancyput=\toks27
\EndVerbatimTokens=\toks28
\Verbatim@Outfile=\write3
\Verbatim@Infile=\read1
) (/usr/share/texlive/texmf-dist/tex/latex/environ/environ.sty
Package: environ 2014/05/04 v0.3 A new way to define environments

(/usr/share/texlive/texmf-dist/tex/latex/trimspaces/trimspaces.sty
Package: trimspaces 2009/09/17 v1.1 Trim spaces around a token list
)))
(/usr/share/texlive/texmf-dist/tex/latex/polski/polski.sty
Package: polski 2017/05/04 v1.3.4 Polish language package

   Inputenc package detected. Catcodes not changed.
) (/usr/share/texlive/texmf-dist/tex/latex/cite/cite.sty
LaTeX Info: Redefining \cite on input line 302.
LaTeX Info: Redefining \nocite on input line 332.
Package: cite 2015/02/27  v 5.5
)
(/usr/share/texlive/texmf-dist/tex/latex/caption/caption.sty
Package: caption 2016/02/21 v3.3-144 Customizing captions (AR)

(/usr/share/texlive/texmf-dist/tex/latex/caption/caption3.sty
Package: caption3 2016/05/22 v1.7-166 caption3 kernel (AR)
Package caption3 Info: TeX engine: e-TeX on input line 67.
\captionmargin=\dimen134
\captionmargin@=\dimen135
\captionwidth=\dimen136
\caption@tempdima=\dimen137
\caption@indent=\dimen138
\caption@parindent=\dimen139
\caption@hangindent=\dimen140
)
\c@ContinuedFloat=\count108
)
(/usr/share/texlive/texmf-dist/tex/latex/xcolor/xcolor.sty
Package: xcolor 2016/05/11 v2.12 LaTeX color extensions (UK)

(/usr/share/texlive/texmf-dist/tex/latex/graphics-cfg/color.cfg
File: color.cfg 2016/01/02 v1.6 sample color configuration
)
Package xcolor Info: Driver file: pdftex.def on input line 225.

(/usr/share/texlive/texmf-dist/tex/latex/colortbl/colortbl.sty
Package: colortbl 2012/02/13 v1.0a Color table columns (DPC)

(/usr/share/texlive/texmf-dist/tex/latex/tools/array.sty
Package: array 2016/10/06 v2.4d Tabular extension package (FMi)
\col@sep=\dimen141
\extrarowheight=\dimen142
\NC@list=\toks29
\extratabsurround=\skip82
\backup@length=\skip83
)
\everycr=\toks30
\minrowclearance=\skip84
)
LaTeX Info: Redefining \color on input line 709.
\rownum=\count109
Package xcolor Info: Model `cmy' substituted by `cmy0' on input line 1348.
Package xcolor Info: Model `hsb' substituted by `rgb' on input line 1352.
Package xcolor Info: Model `RGB' extended on input line 1364.
Package xcolor Info: Model `HTML' substituted by `rgb' on input line 1366.
Package xcolor Info: Model `Hsb' substituted by `hsb' on input line 1367.
Package xcolor Info: Model `tHsb' substituted by `hsb' on input line 1368.
Package xcolor Info: Model `HSB' substituted by `hsb' on input line 1369.
Package xcolor Info: Model `Gray' substituted by `gray' on input line 1370.
Package xcolor Info: Model `wave' substituted by `hsb' on input line 1371.
)
(/usr/share/texlive/texmf-dist/tex/latex/listings/listings.sty
\lst@mode=\count110
\lst@gtempboxa=\box32
\lst@token=\toks31
\lst@length=\count111
\lst@currlwidth=\dimen143
\lst@column=\count112
\lst@pos=\count113
\lst@lostspace=\dimen144
\lst@width=\dimen145
\lst@newlines=\count114
\lst@lineno=\count115
\lst@maxwidth=\dimen146

(/usr/share/texlive/texmf-dist/tex/latex/listings/lstmisc.sty
File: lstmisc.sty 2015/06/04 1.6 (Carsten Heinz)
\c@lstnumber=\count116
\lst@skipnumbers=\count117
\lst@framebox=\box33
)
(/usr/share/texlive/texmf-dist/tex/latex/listings/listings.cfg
File: listings.cfg 2015/06/04 1.6 listings configuration
))
Package: listings 2015/06/04 1.6 (Carsten Heinz)

(/usr/share/texlive/texmf-dist/tex/latex/caption/subcaption.sty
Package: subcaption 2016/05/22 v1.1-161 Sub-captions (AR)
\c@subfigure=\count118
\c@subtable=\count119
)
(/usr/share/texlive/texmf-dist/tex/latex/placeins/placeins.sty
Package: placeins 2005/04/18  v 2.2
)
(/usr/share/texlive/texmf-dist/tex/latex/was/gensymb.sty
Package: gensymb 2003/07/02 v1.0 (WaS)
)
(/usr/share/texlive/texmf-dist/tex/latex/xurl/xurl.sty
Package: xurl 2018/01/09 v 0.03 modify URL breaks

(/usr/share/texlive/texmf-dist/tex/latex/url/url.sty
\Urlmuskip=\muskip11
Package: url 2013/09/16  ver 3.4  Verb mode for urls, etc.
))
(/usr/share/texlive/texmf-dist/tex/latex/csquotes/csquotes.sty
Package: csquotes 2018/02/11 v5.2c context-sensitive quotations (JAW)
\csq@reset=\count120
\csq@gtype=\count121
\csq@glevel=\count122
\csq@qlevel=\count123
\csq@maxlvl=\count124
\csq@tshold=\count125
\csq@ltx@everypar=\toks32

(/usr/share/texlive/texmf-dist/tex/latex/csquotes/csquotes.def
File: csquotes.def 2018/02/11 v5.2c csquotes generic definitions (JAW)
)
Package csquotes Info: Trying to load configuration file 'csquotes.cfg'...
Package csquotes Info: ... configuration file loaded successfully.

(/usr/share/texlive/texmf-dist/tex/latex/csquotes/csquotes.cfg
File: csquotes.cfg 
)
Package csquotes Info: Enabling multilingual quotes.
)
Package csquotes Info: Checking for multilingual support...
Package csquotes Info: ... found 'babel' package.

(./weiiszablon.aux)
\openout1 = `weiiszablon.aux'.

LaTeX Font Info:    Checking defaults for OML/cmm/m/it on input line 114.
LaTeX Font Info:    ... okay on input line 114.
LaTeX Font Info:    Checking defaults for T1/cmr/m/n on input line 114.
LaTeX Font Info:    ... okay on input line 114.
LaTeX Font Info:    Checking defaults for OT1/cmr/m/n on input line 114.
LaTeX Font Info:    ... okay on input line 114.
LaTeX Font Info:    Checking defaults for OMS/cmsy/m/n on input line 114.
LaTeX Font Info:    ... okay on input line 114.
LaTeX Font Info:    Checking defaults for OMX/cmex/m/n on input line 114.
LaTeX Font Info:    ... okay on input line 114.
LaTeX Font Info:    Checking defaults for U/cmr/m/n on input line 114.
LaTeX Font Info:    ... okay on input line 114.
LaTeX Font Info:    Try loading font information for T1+lmr on input line 114.
 (/usr/share/texmf/tex/latex/lm/t1lmr.fd
File: t1lmr.fd 2009/10/30 v1.6 Font defs for Latin Modern
)
(/usr/share/texlive/texmf-dist/tex/context/base/mkii/supp-pdf.mkii
[Loading MPS to PDF converter (version 2006.09.02).]
\scratchcounter=\count126
\scratchdimen=\dimen147
\scratchbox=\box34
\nofMPsegments=\count127
\nofMParguments=\count128
\everyMPshowfont=\toks33
\MPscratchCnt=\count129
\MPscratchDim=\dimen148
\MPnumerator=\count130
\makeMPintoPDFobject=\count131
\everyMPtoPDFconversion=\toks34
) (/usr/share/texlive/texmf-dist/tex/latex/oberdiek/epstopdf-base.sty
Package: epstopdf-base 2016/05/15 v2.6 Base part for package epstopdf

(/usr/share/texlive/texmf-dist/tex/generic/oberdiek/infwarerr.sty
Package: infwarerr 2016/05/16 v1.4 Providing info/warning/error messages (HO)
)
(/usr/share/texlive/texmf-dist/tex/latex/oberdiek/grfext.sty
Package: grfext 2016/05/16 v1.2 Manage graphics extensions (HO)

(/usr/share/texlive/texmf-dist/tex/generic/oberdiek/kvdefinekeys.sty
Package: kvdefinekeys 2016/05/16 v1.4 Define keys (HO)

(/usr/share/texlive/texmf-dist/tex/generic/oberdiek/ltxcmds.sty
Package: ltxcmds 2016/05/16 v1.23 LaTeX kernel commands for general use (HO)
)))
(/usr/share/texlive/texmf-dist/tex/latex/oberdiek/kvoptions.sty
Package: kvoptions 2016/05/16 v3.12 Key value format for package options (HO)

(/usr/share/texlive/texmf-dist/tex/generic/oberdiek/kvsetkeys.sty
Package: kvsetkeys 2016/05/16 v1.17 Key value parser (HO)

(/usr/share/texlive/texmf-dist/tex/generic/oberdiek/etexcmds.sty
Package: etexcmds 2016/05/16 v1.6 Avoid name clashes with e-TeX commands (HO)

(/usr/share/texlive/texmf-dist/tex/generic/oberdiek/ifluatex.sty
Package: ifluatex 2016/05/16 v1.4 Provides the ifluatex switch (HO)
Package ifluatex Info: LuaTeX not detected.
)
Package etexcmds Info: Could not find \expanded.
(etexcmds)             That can mean that you are not using pdfTeX 1.50 or
(etexcmds)             that some package has redefined \expanded.
(etexcmds)             In the latter case, load this package earlier.
)))
(/usr/share/texlive/texmf-dist/tex/generic/oberdiek/pdftexcmds.sty
Package: pdftexcmds 2018/01/21 v0.26 Utility functions of pdfTeX for LuaTeX (HO
)
Package pdftexcmds Info: LuaTeX not detected.
Package pdftexcmds Info: \pdf@primitive is available.
Package pdftexcmds Info: \pdf@ifprimitive is available.
Package pdftexcmds Info: \pdfdraftmode found.
)
Package epstopdf-base Info: Redefining graphics rule for `.eps' on input line 4
38.
Package grfext Info: Graphics extension search list:
(grfext)             [.pdf,.png,.jpg,.mps,.jpeg,.jbig2,.jb2,.PDF,.PNG,.JPG,.JPE
G,.JBIG2,.JB2,.eps]
(grfext)             \AppendGraphicsExtensions on input line 456.

(/usr/share/texlive/texmf-dist/tex/latex/latexconfig/epstopdf-sys.cfg
File: epstopdf-sys.cfg 2010/07/13 v1.3 Configuration of (r)epstopdf for TeX Liv
e
))
*geometry* driver: auto-detecting
*geometry* detected driver: pdftex
*geometry* verbose mode - [ preamble ] result:
* driver: pdftex
* paper: a4paper
* layout: <same size as paper>
* layoutoffset:(h,v)=(0.0pt,0.0pt)
* modes: twoside 
* h-part:(L,W,R)=(99.58464pt, 441.01773pt, 56.9055pt)
* v-part:(T,H,B)=(56.9055pt, 717.00946pt, 71.13188pt)
* \paperwidth=597.50787pt
* \paperheight=845.04684pt
* \textwidth=441.01773pt
* \textheight=717.00946pt
* \oddsidemargin=27.31465pt
* \evensidemargin=-15.36449pt
* \topmargin=-52.36449pt
* \headheight=12.0pt
* \headsep=25.0pt
* \topskip=12.0pt
* \footskip=33.0053pt
* \marginparwidth=95.0pt
* \marginparsep=10.0pt
* \columnsep=10.0pt
* \skip\footins=10.8pt plus 4.0pt minus 2.0pt
* \hoffset=0.0pt
* \voffset=0.0pt
* \mag=1000
* \@twocolumnfalse
* \@twosidetrue
* \@mparswitchtrue
* \@reversemarginfalse
* (1in=72.27pt=25.4mm, 1cm=28.453pt)

Package caption Info: Begin \AtBeginDocument code.
Package caption Info: listings package is loaded.
Package caption Info: End \AtBeginDocument code.
\c@lstlisting=\count132
LaTeX Info: Redefining \celsius on input line 114.
Package gensymb Info: Faking symbols for \degree and \celsius on input line 114
.

Package gensymb Warning: Not defining \perthousand.

LaTeX Info: Redefining \ohm on input line 114.
Package gensymb Info: Using \upOmega for \ohm on input line 114.

Package gensymb Warning: Not defining \micro.

<auxiliary/logoweii.jpg, id=1, 400.1349pt x 117.67966pt>
File: auxiliary/logoweii.jpg Graphic file (type jpg)
<use auxiliary/logoweii.jpg>
Package pdftex.def Info: auxiliary/logoweii.jpg  used on input line 117.
(pdftex.def)             Requested size: 355.65944pt x 104.60167pt.

Underfull \hbox (badness 10000) in paragraph at lines 117--117

 []


Underfull \hbox (badness 10000) in paragraph at lines 117--117

 []

[1

{/var/lib/texmf/fonts/map/pdftex/updmap/pdftex.map} <./auxiliary/logoweii.jpg>]
 [2] (./weiiszablon.toc
LaTeX Font Info:    Try loading font information for OT1+lmr on input line 2.
 (/usr/share/texmf/tex/latex/lm/ot1lmr.fd
File: ot1lmr.fd 2009/10/30 v1.6 Font defs for Latin Modern
)
LaTeX Font Info:    Try loading font information for OML+lmm on input line 2.

(/usr/share/texmf/tex/latex/lm/omllmm.fd
File: omllmm.fd 2009/10/30 v1.6 Font defs for Latin Modern
)
LaTeX Font Info:    Try loading font information for OMS+lmsy on input line 2.

(/usr/share/texmf/tex/latex/lm/omslmsy.fd
File: omslmsy.fd 2009/10/30 v1.6 Font defs for Latin Modern
)
LaTeX Font Info:    Try loading font information for OMX+lmex on input line 2.

(/usr/share/texmf/tex/latex/lm/omxlmex.fd
File: omxlmex.fd 2009/10/30 v1.6 Font defs for Latin Modern
)
LaTeX Font Info:    External font `lmex10' loaded for size
(Font)              <12> on input line 2.
LaTeX Font Info:    External font `lmex10' loaded for size
(Font)              <9> on input line 2.
LaTeX Font Info:    External font `lmex10' loaded for size
(Font)              <7> on input line 2.
LaTeX Font Info:    Try loading font information for OT1+ptm on input line 2.

(/usr/share/texlive/texmf-dist/tex/latex/psnfss/ot1ptm.fd
File: ot1ptm.fd 2001/06/04 font definitions for OT1/ptm.
)
LaTeX Font Info:    Font shape `OT1/ptm/bx/n' in size <12> not available
(Font)              Font shape `OT1/ptm/b/n' tried instead on input line 2.
LaTeX Font Info:    Font shape `OT1/ptm/bx/n' in size <9> not available
(Font)              Font shape `OT1/ptm/b/n' tried instead on input line 2.
LaTeX Font Info:    Font shape `OT1/ptm/bx/n' in size <7> not available
(Font)              Font shape `OT1/ptm/b/n' tried instead on input line 2.

Underfull \vbox (badness 2772) has occurred while \output is active []

 [3])
\tf@toc=\write4
\openout4 = `weiiszablon.toc'.


[4] [5

] [6]
Underfull \vbox (badness 6316) has occurred while \output is active []

 [7

]
Underfull \vbox (badness 2698) has occurred while \output is active []

 [8]
[9] [10

]
<./images/vr2018.png, id=40, 803.0pt x 447.6725pt>
File: ./images/vr2018.png Graphic file (type png)
<use ./images/vr2018.png>
Package pdftex.def Info: ./images/vr2018.png  used on input line 187.
(pdftex.def)             Requested size: 441.01773pt x 245.87225pt.
<./images/reality-spectrum.png, id=41, 892.33376pt x 306.14375pt>
File: ./images/reality-spectrum.png Graphic file (type png)
<use ./images/reality-spectrum.png>
Package pdftex.def Info: ./images/reality-spectrum.png  used on input line 196.

(pdftex.def)             Requested size: 441.01773pt x 151.30571pt.
 [11 <./images/vr2018.png (PNG copy)>]
<./images/arbyindustry.png, id=45, 1228.59pt x 512.91624pt>
File: ./images/arbyindustry.png Graphic file (type png)
<use ./images/arbyindustry.png>
Package pdftex.def Info: ./images/arbyindustry.png  used on input line 215.
(pdftex.def)             Requested size: 441.01773pt x 184.11751pt.

Underfull \vbox (badness 10000) has occurred while \output is active []

 [12 <./images/reality-spectrum.png>]
Underfull \vbox (badness 1067) has occurred while \output is active []

 [13 <./images/arbyindustry.png>] [14] [15]
<./images/features.jpg, id=60, 451.6875pt x 401.5pt>
File: ./images/features.jpg Graphic file (type jpg)
<use ./images/features.jpg>
Package pdftex.def Info: ./images/features.jpg  used on input line 261.
(pdftex.def)             Requested size: 264.61333pt x 235.22269pt.


LaTeX Warning: `h' float specifier changed to `ht'.


Underfull \vbox (badness 1137) has occurred while \output is active []

 [16]
[17 <./images/features.jpg>]
<./images/fast.jpg, id=71, 444.66125pt x 216.81pt>
File: ./images/fast.jpg Graphic file (type jpg)
<use ./images/fast.jpg>
Package pdftex.def Info: ./images/fast.jpg  used on input line 286.
(pdftex.def)             Requested size: 264.61333pt x 129.02174pt.
 [18 <./images/fast.jpg>]
<./images/orb_kp.jpg, id=75, 451.6875pt x 358.33875pt>
File: ./images/orb_kp.jpg Graphic file (type jpg)
<use ./images/orb_kp.jpg>
Package pdftex.def Info: ./images/orb_kp.jpg  used on input line 305.
(pdftex.def)             Requested size: 220.50887pt x 174.94232pt.

Underfull \vbox (badness 10000) has occurred while \output is active []

 [19 <./images/orb_kp.jpg>]
<./images/sift_scale_invariant.jpg, id=80, 328.22626pt x 135.50626pt>
File: ./images/sift_scale_invariant.jpg Graphic file (type jpg)
<use ./images/sift_scale_invariant.jpg>
Package pdftex.def Info: ./images/sift_scale_invariant.jpg  used on input line 
320.
(pdftex.def)             Requested size: 328.22545pt x 135.5059pt.
 [20 <./images/sift_scale_invariant.jpg>]
Underfull \vbox (badness 1052) has occurred while \output is active []

 [21]
[22]
<./images/pinhole_model_img.jpg, id=90, 152.9715pt x 93.7101pt>
File: ./images/pinhole_model_img.jpg Graphic file (type jpg)
<use ./images/pinhole_model_img.jpg>
Package pdftex.def Info: ./images/pinhole_model_img.jpg  used on input line 365
.
(pdftex.def)             Requested size: 308.71106pt x 189.11845pt.
 [23 <./images/pinhole_model_img.jpg>] [24]
<./images/homography_img.png, id=98, 500.87125pt x 309.155pt>
File: ./images/homography_img.png Graphic file (type png)
<use ./images/homography_img.png>
Package pdftex.def Info: ./images/homography_img.png  used on input line 427.
(pdftex.def)             Requested size: 352.81552pt x 217.77975pt.
 [25 <./images/homography_img.png>] [26] [27]
Overfull \hbox (5.94458pt too wide) in paragraph at lines 468--469
[]\T1/lmr/m/n/12 Jest to pro-to-kóª ko-mu-ni-ka-cyjny stwo-rzony przez Andy'ego
 Stanford-Clarka z IBM
 []

[28] [29]
Underfull \vbox (badness 6944) has occurred while \output is active []

 [30

]
<./images/architektura.png, id=119, 188.705pt x 469.755pt>
File: ./images/architektura.png Graphic file (type png)
<use ./images/architektura.png>
Package pdftex.def Info: ./images/architektura.png  used on input line 508.
(pdftex.def)             Requested size: 88.2022pt x 219.56635pt.

[31 <./images/architektura.png>]
<./images/device.jpg, id=126, 2955.04pt x 3394.6825pt>
File: ./images/device.jpg Graphic file (type jpg)
<use ./images/device.jpg>
Package pdftex.def Info: ./images/device.jpg  used on input line 521.
(pdftex.def)             Requested size: 264.61333pt x 303.95428pt.
 [32 <./images/device.jpg>]
<./images/scheme2.png, id=130, 978.65625pt x 923.45pt>
File: ./images/scheme2.png Graphic file (type png)
<use ./images/scheme2.png>
Package pdftex.def Info: ./images/scheme2.png  used on input line 529.
(pdftex.def)             Requested size: 441.01773pt x 416.14047pt.
 [33 <./images/scheme2.png>]
<./images/dirs_arduino.png, id=134, 325.215pt x 149.55875pt>
File: ./images/dirs_arduino.png Graphic file (type png)
<use ./images/dirs_arduino.png>
Package pdftex.def Info: ./images/dirs_arduino.png  used on input line 551.
(pdftex.def)             Requested size: 176.40439pt x 81.12564pt.
 [34 <./images/dirs_arduino.png>] [35]
<./images/algorithm.png, id=141, 390.45876pt x 678.535pt>
File: ./images/algorithm.png Graphic file (type png)
<use ./images/algorithm.png>
Package pdftex.def Info: ./images/algorithm.png  used on input line 588.
(pdftex.def)             Requested size: 220.50887pt x 383.19698pt.
<./images/dirs_ar.png, id=142, 366.36874pt x 479.7925pt>
File: ./images/dirs_ar.png Graphic file (type png)
<use ./images/dirs_ar.png>
Package pdftex.def Info: ./images/dirs_ar.png  used on input line 597.
(pdftex.def)             Requested size: 176.40439pt x 231.02255pt.
 [36 <./images/algorithm.png>]
[37 <./images/dirs_ar.png>]
<./images/base.png, id=152, 770.88pt x 699.61375pt>
File: ./images/base.png Graphic file (type png)
<use ./images/base.png>
Package pdftex.def Info: ./images/base.png  used on input line 643.
(pdftex.def)             Requested size: 264.61333pt x 240.15002pt.
<./images/base_kp.png, id=153, 769.87625pt x 699.61375pt>
File: ./images/base_kp.png Graphic file (type png)
<use ./images/base_kp.png>
Package pdftex.def Info: ./images/base_kp.png  used on input line 649.
(pdftex.def)             Requested size: 264.61333pt x 240.47028pt.
 [38]

LaTeX Warning: `h' float specifier changed to `ht'.

[39 <./images/base.png>]
Underfull \vbox (badness 2503) has occurred while \output is active []

 [40 <./images/base_kp.png>] [41] [42]
Underfull \vbox (badness 5274) has occurred while \output is active []

 [43]
<./images/draw_rect.png, id=173, 432.61626pt x 233.87375pt>
File: ./images/draw_rect.png Graphic file (type png)
<use ./images/draw_rect.png>
Package pdftex.def Info: ./images/draw_rect.png  used on input line 779.
(pdftex.def)             Requested size: 220.50887pt x 119.2062pt.


LaTeX Warning: `h' float specifier changed to `ht'.

[44]
<./images/draw_poly.png, id=177, 273.02pt x 270.00874pt>
File: ./images/draw_poly.png Graphic file (type png)
<use ./images/draw_poly.png>
Package pdftex.def Info: ./images/draw_poly.png  used on input line 789.
(pdftex.def)             Requested size: 132.30666pt x 130.84695pt.
<./images/draw_text.png, id=178, 436.63126pt x 237.88875pt>
File: ./images/draw_text.png Graphic file (type png)
<use ./images/draw_text.png>
Package pdftex.def Info: ./images/draw_text.png  used on input line 799.
(pdftex.def)             Requested size: 220.50887pt x 120.1383pt.


LaTeX Warning: `h' float specifier changed to `ht'.

[45 <./images/draw_rect.png> <./images/draw_poly.png>]
<./images/draw_img.png, id=182, 292.09125pt x 191.71625pt>
File: ./images/draw_img.png Graphic file (type png)
<use ./images/draw_img.png>
Package pdftex.def Info: ./images/draw_img.png  used on input line 809.
(pdftex.def)             Requested size: 220.50887pt x 144.73756pt.
<./images/chaining.png, id=183, 348.30125pt x 221.82875pt>
File: ./images/chaining.png Graphic file (type png)
<use ./images/chaining.png>
Package pdftex.def Info: ./images/chaining.png  used on input line 824.
(pdftex.def)             Requested size: 220.50887pt x 140.43996pt.


LaTeX Warning: `h' float specifier changed to `ht'.

[46 <./images/draw_text.png> <./images/draw_img.png>] [47 <./images/chaining.pn
g>]
<./images/pres.png, id=190, 770.88pt x 698.61pt>
File: ./images/pres.png Graphic file (type png)
<use ./images/pres.png>
Package pdftex.def Info: ./images/pres.png  used on input line 869.
(pdftex.def)             Requested size: 220.50887pt x 199.8308pt.


LaTeX Warning: `h' float specifier changed to `ht'.

[48]
<./images/rgb_tri.jpg, id=194, 513.92pt x 444.66125pt>
File: ./images/rgb_tri.jpg Graphic file (type jpg)
<use ./images/rgb_tri.jpg>
Package pdftex.def Info: ./images/rgb_tri.jpg  used on input line 877.
(pdftex.def)             Requested size: 220.50887pt x 190.7935pt.
 [49 <./images/pres.png> <./images/rgb_tri.jpg>]

LaTeX Warning: No positions in optional float specifier.
               Default added (so using `tbp') on input line 884.

<./images/lim2.png, id=199, 1003.75pt x 649.42625pt>
File: ./images/lim2.png Graphic file (type png)
<use ./images/lim2.png>
Package pdftex.def Info: ./images/lim2.png  used on input line 886.
(pdftex.def)             Requested size: 220.50887pt x 142.6661pt.
<./images/lim3.png, id=200, 1003.75pt x 649.42625pt>
File: ./images/lim3.png Graphic file (type png)
<use ./images/lim3.png>
Package pdftex.def Info: ./images/lim3.png  used on input line 890.
(pdftex.def)             Requested size: 220.50887pt x 142.6661pt.
<./images/lim4.png, id=201, 1003.75pt x 649.42625pt>
File: ./images/lim4.png Graphic file (type png)
<use ./images/lim4.png>
Package pdftex.def Info: ./images/lim4.png  used on input line 894.
(pdftex.def)             Requested size: 220.50887pt x 142.6661pt.

Overfull \hbox (2.61107pt too wide) in paragraph at lines 885--897
[][] []
 []

<./images/turk2.png, id=202, 1003.75pt x 649.42625pt>
File: ./images/turk2.png Graphic file (type png)
<use ./images/turk2.png>
Package pdftex.def Info: ./images/turk2.png  used on input line 907.
(pdftex.def)             Requested size: 308.71106pt x 199.73454pt.
<./images/turk1.png, id=203, 1003.75pt x 649.42625pt>
File: ./images/turk1.png Graphic file (type png)
<use ./images/turk1.png>
Package pdftex.def Info: ./images/turk1.png  used on input line 911.
(pdftex.def)             Requested size: 308.71106pt x 199.73454pt.
[50 <./images/lim2.png> <./images/lim3.png> <./images/lim4.png>]
<./images/test_stat.jpg, id=208, 1553.805pt x 2071.74pt>
File: ./images/test_stat.jpg Graphic file (type jpg)
<use ./images/test_stat.jpg>
Package pdftex.def Info: ./images/test_stat.jpg  used on input line 927.
(pdftex.def)             Requested size: 220.50887pt x 293.99315pt.

Underfull \vbox (badness 2042) has occurred while \output is active []

 [51 <./images/turk2.png> <./images/turk1.png>]
<./images/test_close1.png, id=212, 1003.75pt x 649.42625pt>
File: ./images/test_close1.png Graphic file (type png)
<use ./images/test_close1.png>
Package pdftex.def Info: ./images/test_close1.png  used on input line 946.
(pdftex.def)             Requested size: 220.50887pt x 142.6661pt.
<./images/test_close2.png, id=213, 1003.75pt x 649.42625pt>
File: ./images/test_close2.png Graphic file (type png)
<use ./images/test_close2.png>
Package pdftex.def Info: ./images/test_close2.png  used on input line 951.
(pdftex.def)             Requested size: 220.50887pt x 142.6661pt.
<./images/test_close3.png, id=214, 1003.75pt x 649.42625pt>
File: ./images/test_close3.png Graphic file (type png)
<use ./images/test_close3.png>
Package pdftex.def Info: ./images/test_close3.png  used on input line 956.
(pdftex.def)             Requested size: 220.50887pt x 142.6661pt.

Overfull \hbox (2.61107pt too wide) in paragraph at lines 945--960
[][] []
 []

[52 <./images/test_stat.jpg>]
<./images/test_angle1.png, id=218, 1003.75pt x 649.42625pt>
File: ./images/test_angle1.png Graphic file (type png)
<use ./images/test_angle1.png>
Package pdftex.def Info: ./images/test_angle1.png  used on input line 970.
(pdftex.def)             Requested size: 220.50887pt x 142.6661pt.
LaTeX Font Info:    External font `lmex10' loaded for size
(Font)              <10.95> on input line 971.
LaTeX Font Info:    External font `lmex10' loaded for size
(Font)              <8> on input line 971.
LaTeX Font Info:    External font `lmex10' loaded for size
(Font)              <6> on input line 971.
LaTeX Font Info:    Font shape `OT1/ptm/bx/n' in size <10.95> not available
(Font)              Font shape `OT1/ptm/b/n' tried instead on input line 971.
LaTeX Font Info:    Font shape `OT1/ptm/bx/n' in size <8> not available
(Font)              Font shape `OT1/ptm/b/n' tried instead on input line 971.
LaTeX Font Info:    Font shape `OT1/ptm/bx/n' in size <6> not available
(Font)              Font shape `OT1/ptm/b/n' tried instead on input line 971.
<./images/test_angle2.png, id=219, 1003.75pt x 649.42625pt>
File: ./images/test_angle2.png Graphic file (type png)
<use ./images/test_angle2.png>
Package pdftex.def Info: ./images/test_angle2.png  used on input line 975.
(pdftex.def)             Requested size: 220.50887pt x 142.6661pt.

Overfull \hbox (2.61107pt too wide) in paragraph at lines 969--979
[]$[]$ $[]$ 
 []

[53 <./images/test_close1.png> <./images/test_close2.png> <./images/test_close3
.png>]
<./images/test_light1.png, id=223, 1003.75pt x 649.42625pt>
File: ./images/test_light1.png Graphic file (type png)
<use ./images/test_light1.png>
Package pdftex.def Info: ./images/test_light1.png  used on input line 987.
(pdftex.def)             Requested size: 202.87111pt x 131.25044pt.
<./images/test_light2.png, id=224, 1003.75pt x 649.42625pt>
File: ./images/test_light2.png Graphic file (type png)
<use ./images/test_light2.png>
Package pdftex.def Info: ./images/test_light2.png  used on input line 992.
(pdftex.def)             Requested size: 202.87111pt x 131.25044pt.
<./images/test_light3.png, id=225, 1003.75pt x 649.42625pt>
File: ./images/test_light3.png Graphic file (type png)
<use ./images/test_light3.png>
Package pdftex.def Info: ./images/test_light3.png  used on input line 997.
(pdftex.def)             Requested size: 202.87111pt x 131.25044pt.

Underfull \hbox (badness 10000) in paragraph at lines 986--1001
[]$[]$ $[]$
 []

[54 <./images/test_angle1.png> <./images/test_angle2.png> <./images/test_light1
.png> <./images/test_light2.png> <./images/test_light3.png>]
<./images/test_bright1.png, id=230, 1003.75pt x 649.42625pt>
File: ./images/test_bright1.png Graphic file (type png)
<use ./images/test_bright1.png>
Package pdftex.def Info: ./images/test_bright1.png  used on input line 1010.
(pdftex.def)             Requested size: 220.50887pt x 142.6661pt.
<./images/test_bright3.png, id=231, 1003.75pt x 649.42625pt>
File: ./images/test_bright3.png Graphic file (type png)
<use ./images/test_bright3.png>
Package pdftex.def Info: ./images/test_bright3.png  used on input line 1015.
(pdftex.def)             Requested size: 220.50887pt x 142.6661pt.
<./images/test_bright2.png, id=232, 1003.75pt x 649.42625pt>
File: ./images/test_bright2.png Graphic file (type png)
<use ./images/test_bright2.png>
Package pdftex.def Info: ./images/test_bright2.png  used on input line 1020.
(pdftex.def)             Requested size: 220.50887pt x 142.6661pt.

Overfull \hbox (2.61107pt too wide) in paragraph at lines 1009--1024
[][] []
 []

<./images/test_rot1.png, id=233, 1003.75pt x 649.42625pt>
File: ./images/test_rot1.png Graphic file (type png)
<use ./images/test_rot1.png>
Package pdftex.def Info: ./images/test_rot1.png  used on input line 1033.
(pdftex.def)             Requested size: 220.50887pt x 142.6661pt.
<./images/test_rot2.png, id=234, 1003.75pt x 649.42625pt>
File: ./images/test_rot2.png Graphic file (type png)
<use ./images/test_rot2.png>
Package pdftex.def Info: ./images/test_rot2.png  used on input line 1038.
(pdftex.def)             Requested size: 220.50887pt x 142.6661pt.
<./images/test_rot3.png, id=235, 1003.75pt x 649.42625pt>
File: ./images/test_rot3.png Graphic file (type png)
<use ./images/test_rot3.png>
Package pdftex.def Info: ./images/test_rot3.png  used on input line 1043.
(pdftex.def)             Requested size: 220.50887pt x 142.6661pt.

Overfull \hbox (2.61107pt too wide) in paragraph at lines 1032--1047
[][] []
 []

[55 <./images/test_bright1.png> <./images/test_bright3.png> <./images/test_brig
ht2.png>]
<./images/test_cover1.png, id=241, 1003.75pt x 649.42625pt>
File: ./images/test_cover1.png Graphic file (type png)
<use ./images/test_cover1.png>
Package pdftex.def Info: ./images/test_cover1.png  used on input line 1060.
(pdftex.def)             Requested size: 220.50887pt x 142.6661pt.
<./images/test_cover2.png, id=242, 1003.75pt x 649.42625pt>
File: ./images/test_cover2.png Graphic file (type png)
<use ./images/test_cover2.png>
Package pdftex.def Info: ./images/test_cover2.png  used on input line 1065.
(pdftex.def)             Requested size: 220.50887pt x 142.6661pt.
<./images/test_cover3.png, id=243, 1003.75pt x 649.42625pt>
File: ./images/test_cover3.png Graphic file (type png)
<use ./images/test_cover3.png>
Package pdftex.def Info: ./images/test_cover3.png  used on input line 1070.
(pdftex.def)             Requested size: 220.50887pt x 142.6661pt.
<./images/test_cover4.png, id=244, 1003.75pt x 649.42625pt>
File: ./images/test_cover4.png Graphic file (type png)
<use ./images/test_cover4.png>
Package pdftex.def Info: ./images/test_cover4.png  used on input line 1075.
(pdftex.def)             Requested size: 220.50887pt x 142.6661pt.
<./images/test_cover5.png, id=245, 1003.75pt x 649.42625pt>
File: ./images/test_cover5.png Graphic file (type png)
<use ./images/test_cover5.png>
Package pdftex.def Info: ./images/test_cover5.png  used on input line 1080.
(pdftex.def)             Requested size: 220.50887pt x 142.6661pt.

Overfull \hbox (2.61107pt too wide) in paragraph at lines 1059--1084
[][] []
 []


Overfull \hbox (2.61107pt too wide) in paragraph at lines 1059--1084
[] []
 []

[56 <./images/test_rot1.png> <./images/test_rot2.png> <./images/test_rot3.png>]
[57 <./images/test_cover1.png> <./images/test_cover2.png> <./images/test_cover3
.png> <./images/test_cover4.png> <./images/test_cover5.png>]

LaTeX Warning: No positions in optional float specifier.
               Default added (so using `tbp') on input line 1093.

[58] [59]
Underfull \vbox (badness 2662) has occurred while \output is active []

 [60

]
[61]
LaTeX Font Info:    Try loading font information for T1+lmtt on input line 1139
.
 (/usr/share/texmf/tex/latex/lm/t1lmtt.fd
File: t1lmtt.fd 2009/10/30 v1.6 Font defs for Latin Modern
)
Underfull \hbox (badness 10000) in paragraph at lines 1142--1143
[]$\T1/lmtt/m/n/12 h t t p s : / / w w w . w i r e d . c o m / s t o r y / c a 
n -[] a i -[] b e -[] f a i r -[] j u d g e -[] c o u r t -[] e s t o n i a -[]
 t h i
 []


Underfull \hbox (badness 10000) in paragraph at lines 1145--1146
[]$\T1/lmtt/m/n/12 h t t p s : / / w w w . n v i d i a . p l / o b j e c t / n 
v i d i a -[] h a i r w o r k s -[] p l . h t m l$ \T1/lmr/m/n/12 Do-st¦p
 []


Underfull \hbox (badness 10000) in paragraph at lines 1148--1149
[]$\T1/lmtt/m/n/12 h t t p s : / / n e w s . d e v e l o p e r . n v i d i a . 
c o m / r e a l -[] t i m e -[] p a t h -[] t r a c i n g -[] a n d -[] d e n o
 i
 []


Underfull \hbox (badness 10000) in paragraph at lines 1158--1159
[]$\T1/lmtt/m/n/12 h t t p s : / / w w w . v i a r 3 6 0 . c o m / v i r t u a 
l -[] r e a l i t y -[] m a r k e t -[] s i z e -[] 2 0 1 8 /$\T1/lmr/m/n/12 . 
Do-st¦p
 []


Underfull \hbox (badness 10000) in paragraph at lines 1161--1162
[]$\T1/lmtt/m/n/12 h t t p s : / / w w w . v i a r 3 6 0 . c o m / v i r t u a 
l -[] r e a l i t y -[] m a r k e t -[] s i z e -[] 2 0 1 8 /$\T1/lmr/m/n/12 . 
Do-st¦p
 []


Underfull \hbox (badness 2277) in paragraph at lines 1164--1165
[]$\T1/lmtt/m/n/12 h t t p s : / / w w w . q u o r a . c o m / W h a t -[] i s 
-[] a n -[] u m b r e l l a -[] t e r m -[] f o r -[] V R -[] A R -[] M R$\T1/l
mr/m/n/12 . Do-st¦p
 []


Underfull \hbox (badness 10000) in paragraph at lines 1175--1177
\T1/lmtt/m/n/12 m / -[] / m e d i a / F i l e s / P D F s / A u g m e n t e d -
[] R e a l i t y / S t a t e -[] o f -[] A R -[] R e p o r t -[] 2 0 1 9 . p df
$\T1/lmr/m/n/12 .
 []


Underfull \hbox (badness 10000) in paragraph at lines 1179--1180
[]$\T1/lmtt/m/n/12 h t t p s : / / e n g i n e . v u f o r i a . c o m / c o n 
t e n t / v u f o r i a / e n / c a s e -[] s t u d i e s / a v a t a r -[]
 []

[62

]
Underfull \hbox (badness 10000) in paragraph at lines 1182--1183
[]$\T1/lmtt/m/n/12 h t t p s : / / w w w . m a n u f a c t u r i n g . n e t / 
a r t i c l e / 2 0 1 6 / 1 0 / c a s e -[] s t u d y -[] a u g m e n t e d
 []


Underfull \hbox (badness 10000) in paragraph at lines 1185--1186
[]$\T1/lmtt/m/n/12 h t t p s : / / d o c s . o p e n c v . o r g / 3 . 0 -[] b 
e t a / d o c / p y[] t u t o r i a l s / p y[] f e a t u r e 2 d / p y[] f
 []


Underfull \hbox (badness 10000) in paragraph at lines 1185--1186
\T1/lmtt/m/n/12 e a t u r e s[] m e a n i n g / p y[] f e a t u r e s[] m e a n
 i n g . h t m l# f e a t u r e s -[] m e a n i n g$\T1/lmr/m/n/12 . Do-st¦p
 []


Underfull \hbox (badness 10000) in paragraph at lines 1196--1197
[]$\T1/lmtt/m/n/12 h t t p s : / / d o c s . o p e n c v . o r g / 3 . 0 -[] b 
e t a / d o c / p y[] t u t o r i a l s / p y[] f e a t u r e 2 d / p y[] f
 []


Underfull \hbox (badness 10000) in paragraph at lines 1196--1197
\T1/lmtt/m/n/12 e a t u r e s[] m e a n i n g / p y[] f e a t u r e s[] m e a n
 i n g . h t m l# f e a t u r e s -[] m e a n i n g$\T1/lmr/m/n/12 . Do-st¦p
 []


Underfull \hbox (badness 1521) in paragraph at lines 1203--1205
\T1/lmr/m/it/12 and BRISK \T1/lmr/m/n/12 , 2018. $\T1/lmtt/m/n/12 h t t p s : /
 / w w w . r e s e a r c h g a t e . n e t / p u b l i c a t i o n / 3 2 3 5 6 
1 5
 []


Underfull \hbox (badness 10000) in paragraph at lines 1207--1208
[]$\T1/lmtt/m/n/12 h t t p s : / / d o c s . o p e n c v . o r g / 3 . 0 -[] b 
e t a / d o c / p y[] t u t o r i a l s / p y[] f e a t u r e 2 d / p y[] o
 []


Underfull \hbox (badness 10000) in paragraph at lines 1210--1211
[]$\T1/lmtt/m/n/12 h t t p s : / / d o c s . o p e n c v . o r g / 3 . 0 -[] b 
e t a / d o c / p y[] t u t o r i a l s / p y[] f e a t u r e 2 d / p y[] s
 []


Underfull \hbox (badness 10000) in paragraph at lines 1221--1222
[]$\T1/lmtt/m/n/12 h t t p s : / / i n s i g h t s . s t a c k o v e r f l o w 
. c o m / s u r v e y / 2 0 1 9 \OMS/lmsy/m/n/12 n\T1/lmtt/m/n/12 # t e c h n o
 l o g y$\T1/lmr/m/n/12 . Do-st¦p
 []

[63]
Underfull \hbox (badness 10000) in paragraph at lines 1224--1225
[]$\T1/lmtt/m/n/12 h t t p s : / / w w w . i c s . u c i . e d u / ~ m a j u m 
d e r / v i s p e r c e p / c a m e r a c a l i b . p d f$\T1/lmr/m/n/12 . Do-s
t¦p
 []


Underfull \hbox (badness 10000) in paragraph at lines 1233--1234
[]$\T1/lmtt/m/n/12 h t t p s : / / d e v e n v . p l / m q t t -[] p r o t o k 
o l -[] t r a n s m i s j i -[] d a n y c h -[] d l a -[] i o t/$\T1/lmr/m/n/12
 . Do-st¦p
 []


Underfull \hbox (badness 10000) in paragraph at lines 1236--1237
[]$\T1/lmtt/m/n/12 h t tp : / / w w w . a l l t h e s k y . c o m / a r t i c l
 e s / c o l o r p r e s e r v e . h t m l$\T1/lmr/m/n/12 . Do-st¦p
 []

[64]
Overfull \hbox (14.2264pt too wide) in paragraph at lines 1243--1243
[]|[]| 
 []


Overfull \hbox (14.2264pt too wide) in paragraph at lines 1243--1243
[]|[]| 
 []


Underfull \hbox (badness 10000) in paragraph at lines 1243--1243
[][]
 []


LaTeX Warning: `h' float specifier changed to `ht'.

[65] (./weiiszablon.aux) ) 
Here is how much of TeX's memory you used:
 9919 strings out of 494888
 140065 string characters out of 6179866
 268076 words of memory out of 5000000
 12966 multiletter control sequences out of 15000+600000
 77121 words of font info for 64 fonts, out of 8000000 for 9000
 34 hyphenation exceptions out of 8191
 41i,14n,42p,1445b,1708s stack positions out of 5000i,500n,10000p,200000b,80000s
{/usr/share/texmf/fonts/enc/dvips/lm/lm-ec.enc}{/usr/
share/texmf/fonts/enc/dvips/lm/lm-mathsy.enc}{/usr/share/texmf/fonts/enc/dvips/
lm/lm-rm.enc}{/usr/share/texmf/fonts/enc/dvips/lm/lm-mathex.enc}{/usr/share/tex
mf/fonts/enc/dvips/lm/lm-mathit.enc}</usr/share/texmf/fonts/type1/public/lm/lmb
x10.pfb></usr/share/texmf/fonts/type1/public/lm/lmbx12.pfb></usr/share/texmf/fo
nts/type1/public/lm/lmex10.pfb></usr/share/texmf/fonts/type1/public/lm/lmmi12.p
fb></usr/share/texmf/fonts/type1/public/lm/lmmi9.pfb></usr/share/texmf/fonts/ty
pe1/public/lm/lmr10.pfb></usr/share/texmf/fonts/type1/public/lm/lmr12.pfb></usr
/share/texmf/fonts/type1/public/lm/lmr17.pfb></usr/share/texmf/fonts/type1/publ
ic/lm/lmr8.pfb></usr/share/texmf/fonts/type1/public/lm/lmr9.pfb></usr/share/tex
mf/fonts/type1/public/lm/lmri12.pfb></usr/share/texmf/fonts/type1/public/lm/lms
y10.pfb></usr/share/texmf/fonts/type1/public/lm/lmsy8.pfb></usr/share/texmf/fon
ts/type1/public/lm/lmsy9.pfb></usr/share/texmf/fonts/type1/public/lm/lmtt12.pfb
>
Output written on weiiszablon.pdf (65 pages, 37566170 bytes).
PDF statistics:
 334 PDF objects out of 1000 (max. 8388607)
 198 compressed objects within 2 object streams
 0 named destinations out of 1000 (max. 500000)
 251 words of extra memory for PDF output out of 10000 (max. 10000000)

